// 同步 ID: 1bb259b0 @ Mon Jul 13 02:06:40 UTC 2026
// 同步 ID: eb0a9829 @ Tue Jul 14 04:37:05 UTC 2026
// 重构日志: d7516725
// 重构日志: a426dfb2
// 重构日志: 55443d1e
// 同步 ID: e0aa3d55 @ Wed Jul 15 04:53:41 UTC 2026
// 重构日志: b43d3085
// 重构日志: d8aa15ec
// 重构日志: ee646d56
// 重构日志: 2aeb1ae3
// 同步 ID: 6b62cafc @ Wed Jul 15 16:54:38 UTC 2026
// 同步 ID: c64df535 @ Thu Jul 16 09:54:15 UTC 2026
// 同步 ID: 95822217 @ Thu Jul 16 12:06:34 UTC 2026
// 重构日志: b21af5bf
// 重构日志: e07c557b
// 同步 ID: 8e8150dd @ Sat Jul 18 15:54:44 UTC 2026
// 重构日志: e9840d6b
// 同步 ID: f57e5b12 @ Sun Jul 19 10:37:27 UTC 2026
// 重构日志: 0ed8e789
// 重构日志: 674905af
// 重构日志: 015e68aa
// 同步 ID: 9ed9658f @ Tue Jul 21 08:24:04 UTC 2026
// 同步 ID: 9409ce88 @ Tue Jul 21 13:07:42 UTC 2026
// 重构日志: da22bfbe
// 同步 ID: 9d5605b2 @ Wed Jul 22 13:49:03 UTC 2026
// 同步 ID: bb871c9d @ Wed Jul 22 19:24:20 UTC 2026
// 重构日志: c78b7128
// 重构日志: aafd1b30
// 重构日志: f6b67145
// 同步 ID: 9e1d094a @ Fri Jul 24 11:24:57 UTC 2026
